/usr/local/lib/node_modules/mongo-express/node_modules/update-notifier/node_modules/configstore/index.js:54
				throw err;
				^

Error: EACCES: permission denied, open '/home/bluedolph/.config/configstore/update-notifier-mongo-express.json'
You don't have access to this file.

    at Error (native)
    at Object.fs.openSync (fs.js:584:18)
    at Object.fs.readFileSync (fs.js:431:33)
    at Object.create.all.get (/usr/local/lib/node_modules/mongo-express/node_modules/update-notifier/node_modules/configstore/index.js:35:26)
    at Object.Configstore (/usr/local/lib/node_modules/mongo-express/node_modules/update-notifier/node_modules/configstore/index.js:28:44)
    at new UpdateNotifier (/usr/local/lib/node_modules/mongo-express/node_modules/update-notifier/index.js:34:17)
    at module.exports (/usr/local/lib/node_modules/mongo-express/node_modules/update-notifier/index.js:108:23)
    at Object.<anonymous> (/usr/local/lib/node_modules/mongo-express/app.js:16:25)
    at Module._compile (module.js:413:34)
    at Object.Module._extensions..js (module.js:422:10)
    at Module.load (module.js:357:32)
    at Function.Module._load (module.js:314:12)
    at Function.Module.runMain (module.js:447:10)
    at startup (node.js:141:18)
    at node.js:933:3
/usr/local/lib/node_modules/mongo-express/node_modules/update-notifier/node_modules/configstore/index.js:54
				throw err;
				^

Error: EACCES: permission denied, open '/home/bluedolph/.config/configstore/update-notifier-mongo-express.json'
You don't have access to this file.

    at Error (native)
    at Object.fs.openSync (fs.js:584:18)
    at Object.fs.readFileSync (fs.js:431:33)
    at Object.create.all.get (/usr/local/lib/node_modules/mongo-express/node_modules/update-notifier/node_modules/configstore/index.js:35:26)
    at Object.Configstore (/usr/local/lib/node_modules/mongo-express/node_modules/update-notifier/node_modules/configstore/index.js:28:44)
    at new UpdateNotifier (/usr/local/lib/node_modules/mongo-express/node_modules/update-notifier/index.js:34:17)
    at module.exports (/usr/local/lib/node_modules/mongo-express/node_modules/update-notifier/index.js:108:23)
    at Object.<anonymous> (/usr/local/lib/node_modules/mongo-express/app.js:16:25)
    at Module._compile (module.js:413:34)
    at Object.Module._extensions..js (module.js:422:10)
    at Module.load (module.js:357:32)
    at Function.Module._load (module.js:314:12)
    at Function.Module.runMain (module.js:447:10)
    at startup (node.js:141:18)
    at node.js:933:3
Welcome to mongo-express
------------------------


Mongo Express server listening on port 8081 at localhost
Database connected
Admin Database connected
Welcome to mongo-express
------------------------


Mongo Express server listening on port 8081 at localhost
Database connected
Admin Database connected
Welcome to mongo-express
------------------------


events.js:154
      throw er; // Unhandled 'error' event
      ^

Error: listen EADDRINUSE :::8081
    at Object.exports._errnoException (util.js:890:11)
    at exports._exceptionWithHostPort (util.js:913:20)
    at Server._listen2 (net.js:1231:14)
    at listen (net.js:1267:10)
    at Server.listen (net.js:1363:5)
    at EventEmitter.listen (/usr/local/lib/node_modules/mongo-express/node_modules/express/lib/application.js:617:24)
    at Object.<anonymous> (/usr/local/lib/node_modules/mongo-express/app.js:105:8)
    at Module._compile (module.js:413:34)
    at Object.Module._extensions..js (module.js:422:10)
    at Module.load (module.js:357:32)
    at Function.Module._load (module.js:314:12)
    at Function.Module.runMain (module.js:447:10)
    at startup (node.js:141:18)
    at node.js:933:3
[0mGET / [32m200 [0m102.468 ms - 10822[0m
[0mGET /stylesheets/bootstrap.min.css [36m304 [0m3.786 ms - -[0m
[0mGET /javascripts/jquery-2.1.4.min.js [36m304 [0m2.282 ms - -[0m
[0mGET /stylesheets/style.css [36m304 [0m2.178 ms - -[0m
[0mGET /javascripts/bootstrap.min.js [36m304 [0m2.054 ms - -[0m
[0mGET /stylesheets/bootstrap-theme.min.css [36m304 [0m0.954 ms - -[0m
[0mGET /javascripts/renderjson.js [36m304 [0m0.742 ms - -[0m
[0mGET /images/gears.gif [36m304 [0m0.523 ms - -[0m
[0mGET /images/mongo-express-logo.png [36m304 [0m0.550 ms - -[0m
[0mGET /fonts/glyphicons-halflings-regular.woff2 [36m304 [0m0.634 ms - -[0m
[0mGET /db/intrepify/ [32m200 [0m69.162 ms - 10546[0m
[0mGET /stylesheets/bootstrap.min.css [36m304 [0m4.877 ms - -[0m
[0mGET /stylesheets/style.css [36m304 [0m3.114 ms - -[0m
[0mGET /javascripts/jquery-2.1.4.min.js [36m304 [0m1.077 ms - -[0m
[0mGET /javascripts/bootstrap.min.js [36m304 [0m0.838 ms - -[0m
[0mGET /stylesheets/bootstrap-theme.min.css [36m304 [0m0.409 ms - -[0m
[0mGET /javascripts/renderjson.js [36m304 [0m0.651 ms - -[0m
[0mGET /images/gears.gif [36m304 [0m0.498 ms - -[0m
[0mGET /images/mongo-express-logo.png [36m304 [0m1.175 ms - -[0m
[0mGET /fonts/glyphicons-halflings-regular.woff2 [36m304 [0m1.213 ms - -[0m
[0mGET /db/intrepify/projects [32m200 [0m73.555 ms - 18309[0m
[0mGET /stylesheets/bootstrap-theme.min.css [36m304 [0m0.524 ms - -[0m
[0mGET /javascripts/jquery-2.1.4.min.js [36m304 [0m2.117 ms - -[0m
[0mGET /stylesheets/style.css [36m304 [0m1.738 ms - -[0m
[0mGET /javascripts/bootstrap.min.js [36m304 [0m1.226 ms - -[0m
[0mGET /stylesheets/bootstrap.min.css [36m304 [0m0.294 ms - -[0m
[0mGET /stylesheets/codemirror.css [36m304 [0m0.664 ms - -[0m
[0mGET /stylesheets/theme/rubyblue.css [36m304 [0m0.808 ms - -[0m
[0mGET /javascripts/renderjson.js [36m304 [0m1.680 ms - -[0m
[0mGET /javascripts/codemirror-compressed.js [36m304 [0m1.260 ms - -[0m
[0mGET /images/gears.gif [36m304 [0m0.504 ms - -[0m
[0mGET /images/mongo-express-logo.png [36m304 [0m0.624 ms - -[0m
[0mGET /fonts/glyphicons-halflings-regular.woff2 [36m304 [0m0.866 ms - -[0m
[0mPOST /checkValid [32m200 [0m34.131 ms - 5[0m
[0mPOST /db/intrepify/projects [36m302 [0m29.583 ms - 88[0m
[0mGET /db/intrepify/projects [32m200 [0m80.382 ms - 19283[0m
[0mGET /stylesheets/bootstrap.min.css [36m304 [0m1.795 ms - -[0m
[0mGET /stylesheets/bootstrap-theme.min.css [36m304 [0m1.516 ms - -[0m
[0mGET /stylesheets/style.css [36m304 [0m2.293 ms - -[0m
[0mGET /javascripts/bootstrap.min.js [36m304 [0m0.298 ms - -[0m
[0mGET /javascripts/jquery-2.1.4.min.js [36m304 [0m0.483 ms - -[0m
[0mGET /javascripts/renderjson.js [36m304 [0m0.500 ms - -[0m
[0mGET /javascripts/codemirror-compressed.js [36m304 [0m0.972 ms - -[0m
[0mGET /images/gears.gif [36m304 [0m1.623 ms - -[0m
[0mGET /stylesheets/codemirror.css [36m304 [0m0.580 ms - -[0m
[0mGET /images/mongo-express-logo.png [36m304 [0m0.618 ms - -[0m
[0mGET /stylesheets/theme/rubyblue.css [36m304 [0m0.311 ms - -[0m
[0mGET /fonts/glyphicons-halflings-regular.woff2 [36m304 [0m0.553 ms - -[0m
[0mPOST /checkValid [32m200 [0m12.211 ms - 5[0m
[0mPOST /db/intrepify/projects [36m302 [0m18.299 ms - 88[0m
[0mGET /db/intrepify/projects [32m200 [0m86.736 ms - 22062[0m
[0mGET /stylesheets/bootstrap-theme.min.css [36m304 [0m1.976 ms - -[0m
[0mGET /javascripts/jquery-2.1.4.min.js [36m304 [0m0.308 ms - -[0m
[0mGET /javascripts/bootstrap.min.js [36m304 [0m0.474 ms - -[0m
[0mGET /stylesheets/bootstrap.min.css [36m304 [0m0.415 ms - -[0m
[0mGET /stylesheets/style.css [36m304 [0m2.874 ms - -[0m
[0mGET /javascripts/renderjson.js [36m304 [0m0.959 ms - -[0m
[0mGET /javascripts/codemirror-compressed.js [36m304 [0m1.371 ms - -[0m
[0mGET /images/gears.gif [36m304 [0m1.067 ms - -[0m
[0mGET /stylesheets/codemirror.css [36m304 [0m0.779 ms - -[0m
[0mGET /stylesheets/theme/rubyblue.css [36m304 [0m0.523 ms - -[0m
[0mGET /images/mongo-express-logo.png [36m304 [0m0.581 ms - -[0m
[0mGET /fonts/glyphicons-halflings-regular.woff2 [36m304 [0m0.828 ms - -[0m
[0mDELETE /db/intrepify/projects/%2256f4e08162e79ab724fd5e5d%22 [36m302 [0m16.724 ms - 88[0m
[0mGET /db/intrepify/projects [32m200 [0m65.201 ms - 20631[0m
[0mGET /stylesheets/bootstrap-theme.min.css [36m304 [0m5.153 ms - -[0m
[0mGET /javascripts/bootstrap.min.js [36m304 [0m1.322 ms - -[0m
[0mGET /stylesheets/bootstrap.min.css [36m304 [0m1.676 ms - -[0m
[0mGET /javascripts/jquery-2.1.4.min.js [36m304 [0m0.765 ms - -[0m
[0mGET /stylesheets/style.css [36m304 [0m0.297 ms - -[0m
[0mGET /javascripts/renderjson.js [36m304 [0m0.576 ms - -[0m
[0mGET /javascripts/codemirror-compressed.js [36m304 [0m1.660 ms - -[0m
[0mGET /images/gears.gif [36m304 [0m1.159 ms - -[0m
[0mGET /stylesheets/codemirror.css [36m304 [0m0.936 ms - -[0m
[0mGET /stylesheets/theme/rubyblue.css [36m304 [0m0.865 ms - -[0m
[0mGET /images/mongo-express-logo.png [36m304 [0m0.700 ms - -[0m
[0mGET /fonts/glyphicons-halflings-regular.woff2 [36m304 [0m1.378 ms - -[0m
[0mDELETE /db/intrepify/projects/%2256f4e08b62e79ab724fd5e60%22 [36m302 [0m25.504 ms - 88[0m
[0mGET /db/intrepify/projects [32m200 [0m103.379 ms - 18505[0m
[0mGET /stylesheets/bootstrap.min.css [36m304 [0m0.583 ms - -[0m
[0mGET /javascripts/bootstrap.min.js [36m304 [0m1.138 ms - -[0m
[0mGET /stylesheets/bootstrap-theme.min.css [36m304 [0m2.814 ms - -[0m
[0mGET /stylesheets/style.css [36m304 [0m1.027 ms - -[0m
[0mGET /javascripts/jquery-2.1.4.min.js [36m304 [0m0.849 ms - -[0m
[0mGET /javascripts/renderjson.js [36m304 [0m0.512 ms - -[0m
[0mGET /javascripts/codemirror-compressed.js [36m304 [0m0.499 ms - -[0m
[0mGET /images/gears.gif [36m304 [0m0.500 ms - -[0m
[0mGET /stylesheets/codemirror.css [36m304 [0m2.184 ms - -[0m
[0mGET /images/mongo-express-logo.png [36m304 [0m1.131 ms - -[0m
[0mGET /stylesheets/theme/rubyblue.css [36m304 [0m1.042 ms - -[0m
[0mGET /fonts/glyphicons-halflings-regular.woff2 [36m304 [0m0.631 ms - -[0m
[0mPOST /checkValid [32m200 [0m7.937 ms - 5[0m
[0mPOST /db/intrepify/projects [36m302 [0m26.096 ms - 88[0m
[0mGET /db/intrepify/projects [32m200 [0m63.793 ms - 20438[0m
[0mGET /stylesheets/bootstrap-theme.min.css [36m304 [0m2.129 ms - -[0m
[0mGET /stylesheets/bootstrap.min.css [36m304 [0m1.997 ms - -[0m
[0mGET /javascripts/bootstrap.min.js [36m304 [0m0.328 ms - -[0m
[0mGET /stylesheets/style.css [36m304 [0m1.665 ms - -[0m
[0mGET /javascripts/jquery-2.1.4.min.js [36m304 [0m1.215 ms - -[0m
[0mGET /javascripts/renderjson.js [36m304 [0m0.666 ms - -[0m
[0mGET /images/gears.gif [36m304 [0m0.834 ms - -[0m
[0mGET /javascripts/codemirror-compressed.js [36m304 [0m0.420 ms - -[0m
[0mGET /stylesheets/codemirror.css [36m304 [0m1.959 ms - -[0m
[0mGET /stylesheets/theme/rubyblue.css [36m304 [0m0.486 ms - -[0m
[0mGET /images/mongo-express-logo.png [36m304 [0m0.335 ms - -[0m
[0mGET /fonts/glyphicons-halflings-regular.woff2 [36m304 [0m0.744 ms - -[0m
[0mGET / [32m200 [0m68.547 ms - 10822[0m
[0mGET /stylesheets/bootstrap.min.css [36m304 [0m0.752 ms - -[0m
[0mGET /stylesheets/bootstrap-theme.min.css [36m304 [0m0.586 ms - -[0m
[0mGET /stylesheets/style.css [36m304 [0m1.969 ms - -[0m
[0mGET /javascripts/jquery-2.1.4.min.js [36m304 [0m0.373 ms - -[0m
[0mGET /javascripts/bootstrap.min.js [36m304 [0m1.332 ms - -[0m
[0mGET /javascripts/renderjson.js [36m304 [0m1.232 ms - -[0m
[0mGET /images/gears.gif [36m304 [0m0.482 ms - -[0m
[0mGET /images/mongo-express-logo.png [36m304 [0m1.802 ms - -[0m
[0mGET /fonts/glyphicons-halflings-regular.woff2 [36m304 [0m0.905 ms - -[0m
[0mGET / [32m200 [0m42.472 ms - 10822[0m
[0mGET /stylesheets/bootstrap.min.css [36m304 [0m2.982 ms - -[0m
[0mGET /stylesheets/bootstrap-theme.min.css [36m304 [0m2.544 ms - -[0m
[0mGET /stylesheets/style.css [36m304 [0m2.783 ms - -[0m
[0mGET /javascripts/jquery-2.1.4.min.js [36m304 [0m0.452 ms - -[0m
[0mGET /javascripts/bootstrap.min.js [36m304 [0m3.908 ms - -[0m
[0mGET /javascripts/renderjson.js [36m304 [0m0.921 ms - -[0m
[0mGET /images/gears.gif [36m304 [0m3.469 ms - -[0m
[0mGET /images/mongo-express-logo.png [36m304 [0m0.828 ms - -[0m
[0mGET /fonts/glyphicons-halflings-regular.woff2 [36m304 [0m0.564 ms - -[0m
[0mGET /db/intrepify/ [32m200 [0m45.623 ms - 10545[0m
[0mGET /stylesheets/bootstrap.min.css [36m304 [0m0.565 ms - -[0m
[0mGET /stylesheets/bootstrap-theme.min.css [36m304 [0m0.364 ms - -[0m
[0mGET /javascripts/jquery-2.1.4.min.js [36m304 [0m24.886 ms - -[0m
[0mGET /stylesheets/style.css [36m304 [0m22.228 ms - -[0m
[0mGET /javascripts/bootstrap.min.js [36m304 [0m8.503 ms - -[0m
[0mGET /javascripts/renderjson.js [36m304 [0m0.505 ms - -[0m
[0mGET /images/gears.gif [36m304 [0m0.595 ms - -[0m
[0mGET /images/mongo-express-logo.png [36m304 [0m0.497 ms - -[0m
[0mGET /fonts/glyphicons-halflings-regular.woff2 [36m304 [0m0.758 ms - -[0m
[0mGET /db/intrepify/projects [32m200 [0m104.395 ms - 20274[0m
[0mGET /stylesheets/bootstrap-theme.min.css [36m304 [0m3.162 ms - -[0m
[0mGET /javascripts/bootstrap.min.js [36m304 [0m3.010 ms - -[0m
[0mGET /javascripts/jquery-2.1.4.min.js [36m304 [0m2.915 ms - -[0m
[0mGET /stylesheets/style.css [36m304 [0m1.721 ms - -[0m
[0mGET /stylesheets/bootstrap.min.css [36m304 [0m0.271 ms - -[0m
[0mGET /stylesheets/codemirror.css [36m304 [0m1.213 ms - -[0m
[0mGET /stylesheets/theme/rubyblue.css [36m304 [0m0.876 ms - -[0m
[0mGET /javascripts/renderjson.js [36m304 [0m2.567 ms - -[0m
[0mGET /javascripts/codemirror-compressed.js [36m304 [0m1.344 ms - -[0m
[0mGET /images/gears.gif [36m304 [0m0.969 ms - -[0m
[0mGET /images/mongo-express-logo.png [36m304 [0m0.546 ms - -[0m
[0mGET /fonts/glyphicons-halflings-regular.woff2 [36m304 [0m0.480 ms - -[0m
[0mGET / [32m200 [0m38.095 ms - 10822[0m
[0mGET /stylesheets/bootstrap-theme.min.css [36m304 [0m3.241 ms - -[0m
[0mGET /stylesheets/style.css [36m304 [0m2.516 ms - -[0m
[0mGET /stylesheets/bootstrap.min.css [36m304 [0m7.835 ms - -[0m
[0mGET /javascripts/bootstrap.min.js [36m304 [0m1.209 ms - -[0m
[0mGET /javascripts/jquery-2.1.4.min.js [36m304 [0m0.934 ms - -[0m
[0mGET /javascripts/renderjson.js [36m304 [0m0.527 ms - -[0m
[0mGET /images/gears.gif [36m304 [0m0.473 ms - -[0m
[0mGET /images/mongo-express-logo.png [36m304 [0m0.579 ms - -[0m
[0mGET /fonts/glyphicons-halflings-regular.woff2 [36m304 [0m0.534 ms - -[0m
[0mGET / [32m200 [0m43.329 ms - 10821[0m
[0mGET / [32m200 [0m38.417 ms - 10821[0m
[0mGET /stylesheets/bootstrap.min.css [36m304 [0m1.321 ms - -[0m
[0mGET /stylesheets/bootstrap-theme.min.css [36m304 [0m1.965 ms - -[0m
[0mGET /stylesheets/style.css [36m304 [0m0.955 ms - -[0m
[0mGET /javascripts/jquery-2.1.4.min.js [36m304 [0m0.769 ms - -[0m
[0mGET /javascripts/bootstrap.min.js [36m304 [0m0.583 ms - -[0m
[0mGET /javascripts/renderjson.js [36m304 [0m0.515 ms - -[0m
[0mGET /images/gears.gif [36m304 [0m0.600 ms - -[0m
[0mGET /images/mongo-express-logo.png [36m304 [0m0.675 ms - -[0m
[0mGET /fonts/glyphicons-halflings-regular.woff2 [36m304 [0m0.724 ms - -[0m
[0mGET /db/admin/ [32m200 [0m37.236 ms - 11684[0m
[0mGET /stylesheets/bootstrap.min.css [36m304 [0m0.651 ms - -[0m
[0mGET /stylesheets/bootstrap-theme.min.css [36m304 [0m1.603 ms - -[0m
[0mGET /javascripts/jquery-2.1.4.min.js [36m304 [0m1.482 ms - -[0m
[0mGET /stylesheets/style.css [36m304 [0m2.353 ms - -[0m
[0mGET /javascripts/bootstrap.min.js [36m304 [0m0.700 ms - -[0m
[0mGET /javascripts/renderjson.js [36m304 [0m0.513 ms - -[0m
[0mGET /images/gears.gif [36m304 [0m0.496 ms - -[0m
[0mGET /images/mongo-express-logo.png [36m304 [0m0.550 ms - -[0m
[0mGET /fonts/glyphicons-halflings-regular.woff2 [36m304 [0m0.475 ms - -[0m
[0mGET /db/intrepify/ [36m304 [0m45.779 ms - -[0m
[0mGET /stylesheets/bootstrap-theme.min.css [36m304 [0m1.927 ms - -[0m
[0mGET /javascripts/renderjson.js [36m304 [0m1.744 ms - -[0m
[0mGET /javascripts/bootstrap.min.js [36m304 [0m1.632 ms - -[0m
[0mGET /stylesheets/style.css [36m304 [0m1.465 ms - -[0m
[0mGET /javascripts/jquery-2.1.4.min.js [36m304 [0m0.286 ms - -[0m
[0mGET /stylesheets/bootstrap.min.css [36m304 [0m0.404 ms - -[0m
[0mGET /images/gears.gif [36m304 [0m0.544 ms - -[0m
[0mGET /images/mongo-express-logo.png [36m304 [0m0.475 ms - -[0m
[0mGET /fonts/glyphicons-halflings-regular.woff2 [36m304 [0m0.527 ms - -[0m
[0mGET /db/intrepify/projects [36m304 [0m71.742 ms - -[0m
[0mGET /stylesheets/bootstrap.min.css [36m304 [0m0.492 ms - -[0m
[0mGET /stylesheets/bootstrap-theme.min.css [36m304 [0m0.509 ms - -[0m
[0mGET /javascripts/bootstrap.min.js [36m304 [0m0.909 ms - -[0m
[0mGET /javascripts/renderjson.js [36m304 [0m0.776 ms - -[0m
[0mGET /javascripts/jquery-2.1.4.min.js [36m304 [0m0.427 ms - -[0m
[0mGET /stylesheets/style.css [36m304 [0m1.466 ms - -[0m
[0mGET /stylesheets/codemirror.css [36m304 [0m0.741 ms - -[0m
[0mGET /stylesheets/theme/rubyblue.css [36m304 [0m1.751 ms - -[0m
[0mGET /javascripts/codemirror-compressed.js [36m304 [0m7.178 ms - -[0m
[0mGET /images/gears.gif [36m304 [0m0.349 ms - -[0m
[0mGET /images/mongo-express-logo.png [36m304 [0m0.473 ms - -[0m
[0mGET /fonts/glyphicons-halflings-regular.woff2 [36m304 [0m0.566 ms - -[0m
[0mPOST /checkValid [32m200 [0m15.835 ms - 5[0m
[0mPOST /db/intrepify/projects [36m302 [0m12.423 ms - 88[0m
[0mGET /db/intrepify/projects [32m200 [0m89.465 ms - 21944[0m
[0mGET /stylesheets/bootstrap.min.css [36m304 [0m0.660 ms - -[0m
[0mGET /stylesheets/bootstrap-theme.min.css [36m304 [0m0.562 ms - -[0m
[0mGET /stylesheets/style.css [36m304 [0m0.603 ms - -[0m
[0mGET /javascripts/jquery-2.1.4.min.js [36m304 [0m0.854 ms - -[0m
[0mGET /javascripts/renderjson.js [36m304 [0m2.108 ms - -[0m
[0mGET /javascripts/bootstrap.min.js [36m304 [0m0.410 ms - -[0m
[0mGET /javascripts/codemirror-compressed.js [36m304 [0m0.452 ms - -[0m
[0mGET /images/gears.gif [36m304 [0m0.517 ms - -[0m
[0mGET /stylesheets/codemirror.css [36m304 [0m0.517 ms - -[0m
[0mGET /images/mongo-express-logo.png [36m304 [0m0.564 ms - -[0m
[0mGET /stylesheets/theme/rubyblue.css [36m304 [0m0.590 ms - -[0m
[0mGET /fonts/glyphicons-halflings-regular.woff2 [36m304 [0m0.636 ms - -[0m
[0mGET /db/intrepify/projects/%252256f50d3262e79ab724fd5e62%2522 [32m200 [0m33.193 ms - 8246[0m
[0mGET /stylesheets/bootstrap.min.css [36m304 [0m0.501 ms - -[0m
[0mGET /stylesheets/bootstrap-theme.min.css [36m304 [0m0.263 ms - -[0m
[0mGET /stylesheets/style.css [36m304 [0m0.347 ms - -[0m
[0mGET /javascripts/jquery-2.1.4.min.js [36m304 [0m1.250 ms - -[0m
[0mGET /javascripts/bootstrap.min.js [36m304 [0m0.766 ms - -[0m
[0mGET /stylesheets/codemirror-5.10.css [32m200 [0m6.768 ms - 8022[0m
[0mGET /javascripts/renderjson.js [36m304 [0m0.546 ms - -[0m
[0mGET /javascripts/codemirror-5.10.javascript.js [32m200 [0m1.668 ms - 27720[0m
[0mGET /images/gears.gif [36m304 [0m0.521 ms - -[0m
[0mGET /javascripts/codemirror-5.10.js [32m200 [0m0.806 ms - 352996[0m
[0mGET /images/mongo-express-logo.png [36m304 [0m0.632 ms - -[0m
[0mGET /stylesheets/theme/rubyblue.css [36m304 [0m0.555 ms - -[0m
[0mGET /fonts/glyphicons-halflings-regular.woff2 [36m304 [0m0.683 ms - -[0m
[0mPOST /checkValid [32m200 [0m9.164 ms - 5[0m
[0mPUT /db/intrepify/projects/%2256f50d3262e79ab724fd5e62%22 [36m302 [0m15.315 ms - 88[0m
[0mGET /db/intrepify/projects [32m200 [0m59.142 ms - 21948[0m
[0mGET /stylesheets/bootstrap.min.css [36m304 [0m0.493 ms - -[0m
[0mGET /stylesheets/style.css [36m304 [0m0.589 ms - -[0m
[0mGET /javascripts/bootstrap.min.js [36m304 [0m1.068 ms - -[0m
[0mGET /javascripts/jquery-2.1.4.min.js [36m304 [0m0.820 ms - -[0m
[0mGET /stylesheets/bootstrap-theme.min.css [36m304 [0m0.368 ms - -[0m
[0mGET /stylesheets/codemirror.css [36m304 [0m0.615 ms - -[0m
[0mGET /javascripts/renderjson.js [36m304 [0m0.465 ms - -[0m
[0mGET /javascripts/codemirror-compressed.js [36m304 [0m0.308 ms - -[0m
[0mGET /images/gears.gif [36m304 [0m0.429 ms - -[0m
[0mGET /stylesheets/theme/rubyblue.css [36m304 [0m1.327 ms - -[0m
[0mGET /images/mongo-express-logo.png [36m304 [0m1.020 ms - -[0m
[0mGET /fonts/glyphicons-halflings-regular.woff2 [36m304 [0m0.525 ms - -[0m
mongodb://almondkernel:haggler12@localhost:27017/intrepify
events.js:154
      throw er; // Unhandled 'error' event
      ^

Error: listen EADDRINUSE :::3000
    at Object.exports._errnoException (util.js:890:11)
    at exports._exceptionWithHostPort (util.js:913:20)
    at Server._listen2 (net.js:1231:14)
    at listen (net.js:1267:10)
    at Server.listen (net.js:1363:5)
    at Function.app.listen (/home/bluedolph/intrepify.com/node_modules/express/lib/application.js:535:24)
    at Object.<anonymous> (/home/bluedolph/intrepify.com/server.js:48:5)
    at Module._compile (module.js:413:34)
    at Object.Module._extensions..js (module.js:422:10)
    at Module.load (module.js:357:32)
    at Function.Module._load (module.js:314:12)
    at Function.Module.runMain (module.js:447:10)
    at startup (node.js:141:18)
    at node.js:933:3
mongodb://almondkernel:haggler12@localhost:27017/intrepify
events.js:154
      throw er; // Unhandled 'error' event
      ^

Error: listen EADDRINUSE :::3000
    at Object.exports._errnoException (util.js:890:11)
    at exports._exceptionWithHostPort (util.js:913:20)
    at Server._listen2 (net.js:1231:14)
    at listen (net.js:1267:10)
    at Server.listen (net.js:1363:5)
    at Function.app.listen (/home/bluedolph/intrepify.com/node_modules/express/lib/application.js:535:24)
    at Object.<anonymous> (/home/bluedolph/intrepify.com/server.js:48:5)
    at Module._compile (module.js:413:34)
    at Object.Module._extensions..js (module.js:422:10)
    at Module.load (module.js:357:32)
    at Function.Module._load (module.js:314:12)
    at Function.Module.runMain (module.js:447:10)
    at startup (node.js:141:18)
    at node.js:933:3
module.js:341
    throw err;
    ^

Error: Cannot find module '/home/bluedolph/intrepify.com/sserver.js'
    at Function.Module._resolveFilename (module.js:339:15)
    at Function.Module._load (module.js:290:25)
    at Function.Module.runMain (module.js:447:10)
    at startup (node.js:141:18)
    at node.js:933:3
mongodb://almondkernel:haggler12@localhost:27017/intrepify
Listening on port 80!
  [90msource:[0m [36m/home/bluedolph/intrepify.com/views/sass/bower_components/bootstrap/dist/css/bootstrap.scss[0m
  [90mdest:[0m [36m/home/bluedolph/intrepify.com/public/bower_components/bootstrap/dist/css/bootstrap.css[0m
  [90mread:[0m [36m/home/bluedolph/intrepify.com/public/bower_components/bootstrap/dist/css/bootstrap.css[0m
  [90msource:[0m [36m/home/bluedolph/intrepify.com/views/sass/bower_components/components-font-awesome/css/font-awesome.scss[0m
  [90mdest:[0m [36m/home/bluedolph/intrepify.com/public/bower_components/components-font-awesome/css/font-awesome.css[0m
  [90mread:[0m [36m/home/bluedolph/intrepify.com/public/bower_components/components-font-awesome/css/font-awesome.css[0m
  [90msource:[0m [36m/home/bluedolph/intrepify.com/views/sass/style.scss[0m
  [90mdest:[0m [36m/home/bluedolph/intrepify.com/public/style.css[0m
  [90mread:[0m [36m/home/bluedolph/intrepify.com/public/style.css[0m
  [90mrender:[0m [36m/home/bluedolph/intrepify.com/views/sass/style.scss[0m
  [90msource:[0m [36m/home/bluedolph/intrepify.com/views/sass/bower_components/animate.css/animate.scss[0m
  [90mdest:[0m [36m/home/bluedolph/intrepify.com/public/bower_components/animate.css/animate.css[0m
  [90mread:[0m [36m/home/bluedolph/intrepify.com/public/bower_components/animate.css/animate.css[0m
  [90msource:[0m [36m/home/bluedolph/intrepify.com/views/sass/bower_components/bootstrap/dist/css/bootstrap.scss[0m
  [90mdest:[0m [36m/home/bluedolph/intrepify.com/public/bower_components/bootstrap/dist/css/bootstrap.css[0m
  [90mread:[0m [36m/home/bluedolph/intrepify.com/public/bower_components/bootstrap/dist/css/bootstrap.css[0m
  [90msource:[0m [36m/home/bluedolph/intrepify.com/views/sass/QuoteSpit/style.scss[0m
  [90mdest:[0m [36m/home/bluedolph/intrepify.com/public/QuoteSpit/style.css[0m
  [90mread:[0m [36m/home/bluedolph/intrepify.com/public/QuoteSpit/style.css[0m
  [90msource:[0m [36m/home/bluedolph/intrepify.com/views/sass/bower_components/bootstrap/dist/css/bootstrap.scss[0m
  [90mdest:[0m [36m/home/bluedolph/intrepify.com/public/bower_components/bootstrap/dist/css/bootstrap.css[0m
  [90mread:[0m [36m/home/bluedolph/intrepify.com/public/bower_components/bootstrap/dist/css/bootstrap.css[0m
  [90msource:[0m [36m/home/bluedolph/intrepify.com/views/sass/bower_components/components-font-awesome/css/font-awesome.scss[0m
  [90mdest:[0m [36m/home/bluedolph/intrepify.com/public/bower_components/components-font-awesome/css/font-awesome.css[0m
  [90mread:[0m [36m/home/bluedolph/intrepify.com/public/bower_components/components-font-awesome/css/font-awesome.css[0m
  [90msource:[0m [36m/home/bluedolph/intrepify.com/views/sass/bower_components/bootstrap/dist/css/bootstrap.scss[0m
  [90mdest:[0m [36m/home/bluedolph/intrepify.com/public/bower_components/bootstrap/dist/css/bootstrap.css[0m
  [90mread:[0m [36m/home/bluedolph/intrepify.com/public/bower_components/bootstrap/dist/css/bootstrap.css[0m
  [90msource:[0m [36m/home/bluedolph/intrepify.com/views/sass/style.scss[0m
  [90mdest:[0m [36m/home/bluedolph/intrepify.com/public/style.css[0m
  [90msource:[0m [36m/home/bluedolph/intrepify.com/views/sass/FloweySays/style.scss[0m
  [90mdest:[0m [36m/home/bluedolph/intrepify.com/public/FloweySays/style.css[0m
  [90mread:[0m [36m/home/bluedolph/intrepify.com/public/FloweySays/style.css[0m
  [90msource:[0m [36m/home/bluedolph/intrepify.com/views/sass/bower_components/bootstrap/dist/css/bootstrap.scss[0m
  [90mdest:[0m [36m/home/bluedolph/intrepify.com/public/bower_components/bootstrap/dist/css/bootstrap.css[0m
  [90mread:[0m [36m/home/bluedolph/intrepify.com/public/bower_components/bootstrap/dist/css/bootstrap.css[0m
  [90msource:[0m [36m/home/bluedolph/intrepify.com/views/sass/bower_components/components-font-awesome/css/font-awesome.scss[0m
  [90mdest:[0m [36m/home/bluedolph/intrepify.com/public/bower_components/components-font-awesome/css/font-awesome.css[0m
  [90mread:[0m [36m/home/bluedolph/intrepify.com/public/bower_components/components-font-awesome/css/font-awesome.css[0m
  [90msource:[0m [36m/home/bluedolph/intrepify.com/views/sass/style.scss[0m
  [90mdest:[0m [36m/home/bluedolph/intrepify.com/public/style.css[0m
  [90msource:[0m [36m/home/bluedolph/intrepify.com/views/sass/bower_components/bootstrap/dist/css/bootstrap.scss[0m
  [90mdest:[0m [36m/home/bluedolph/intrepify.com/public/bower_components/bootstrap/dist/css/bootstrap.css[0m
  [90mread:[0m [36m/home/bluedolph/intrepify.com/public/bower_components/bootstrap/dist/css/bootstrap.css[0m
  [90msource:[0m [36m/home/bluedolph/intrepify.com/views/sass/bower_components/components-font-awesome/css/font-awesome.scss[0m
  [90mdest:[0m [36m/home/bluedolph/intrepify.com/public/bower_components/components-font-awesome/css/font-awesome.css[0m
  [90mread:[0m [36m/home/bluedolph/intrepify.com/public/bower_components/components-font-awesome/css/font-awesome.css[0m
  [90msource:[0m [36m/home/bluedolph/intrepify.com/views/sass/style.scss[0m
  [90mdest:[0m [36m/home/bluedolph/intrepify.com/public/style.css[0m
  [90msource:[0m [36m/home/bluedolph/intrepify.com/views/sass/style.scss[0m
  [90mdest:[0m [36m/home/bluedolph/intrepify.com/public/style.css[0m
  [90msource:[0m [36m/home/bluedolph/intrepify.com/views/sass/bower_components/components-font-awesome/css/font-awesome.scss[0m
  [90mdest:[0m [36m/home/bluedolph/intrepify.com/public/bower_components/components-font-awesome/css/font-awesome.css[0m
  [90mread:[0m [36m/home/bluedolph/intrepify.com/public/bower_components/components-font-awesome/css/font-awesome.css[0m
  [90msource:[0m [36m/home/bluedolph/intrepify.com/views/sass/bower_components/bootstrap/dist/css/bootstrap.scss[0m
  [90mdest:[0m [36m/home/bluedolph/intrepify.com/public/bower_components/bootstrap/dist/css/bootstrap.css[0m
  [90mread:[0m [36m/home/bluedolph/intrepify.com/public/bower_components/bootstrap/dist/css/bootstrap.css[0m
  [90msource:[0m [36m/home/bluedolph/intrepify.com/views/sass/style.scss[0m
  [90mdest:[0m [36m/home/bluedolph/intrepify.com/public/style.css[0m
  [90msource:[0m [36m/home/bluedolph/intrepify.com/views/sass/bower_components/components-font-awesome/css/font-awesome.scss[0m
  [90mdest:[0m [36m/home/bluedolph/intrepify.com/public/bower_components/components-font-awesome/css/font-awesome.css[0m
  [90mread:[0m [36m/home/bluedolph/intrepify.com/public/bower_components/components-font-awesome/css/font-awesome.css[0m
  [90msource:[0m [36m/home/bluedolph/intrepify.com/views/sass/bower_components/bootstrap/dist/css/bootstrap.scss[0m
  [90mdest:[0m [36m/home/bluedolph/intrepify.com/public/bower_components/bootstrap/dist/css/bootstrap.css[0m
  [90mread:[0m [36m/home/bluedolph/intrepify.com/public/bower_components/bootstrap/dist/css/bootstrap.css[0m
  [90msource:[0m [36m/home/bluedolph/intrepify.com/views/sass/style.scss[0m
  [90mdest:[0m [36m/home/bluedolph/intrepify.com/public/style.css[0m
  [90msource:[0m [36m/home/bluedolph/intrepify.com/views/sass/bower_components/bootstrap/dist/css/bootstrap.scss[0m
  [90mdest:[0m [36m/home/bluedolph/intrepify.com/public/bower_components/bootstrap/dist/css/bootstrap.css[0m
  [90mread:[0m [36m/home/bluedolph/intrepify.com/public/bower_components/bootstrap/dist/css/bootstrap.css[0m
  [90msource:[0m [36m/home/bluedolph/intrepify.com/views/sass/bower_components/components-font-awesome/css/font-awesome.scss[0m
  [90mdest:[0m [36m/home/bluedolph/intrepify.com/public/bower_components/components-font-awesome/css/font-awesome.css[0m
  [90mread:[0m [36m/home/bluedolph/intrepify.com/public/bower_components/components-font-awesome/css/font-awesome.css[0m
  [90msource:[0m [36m/home/bluedolph/intrepify.com/views/sass/style.scss[0m
  [90mdest:[0m [36m/home/bluedolph/intrepify.com/public/style.css[0m
  [90msource:[0m [36m/home/bluedolph/intrepify.com/views/sass/bower_components/bootstrap/dist/css/bootstrap.scss[0m
  [90mdest:[0m [36m/home/bluedolph/intrepify.com/public/bower_components/bootstrap/dist/css/bootstrap.css[0m
  [90mread:[0m [36m/home/bluedolph/intrepify.com/public/bower_components/bootstrap/dist/css/bootstrap.css[0m
  [90msource:[0m [36m/home/bluedolph/intrepify.com/views/sass/bower_components/components-font-awesome/css/font-awesome.scss[0m
  [90mdest:[0m [36m/home/bluedolph/intrepify.com/public/bower_components/components-font-awesome/css/font-awesome.css[0m
  [90mread:[0m [36m/home/bluedolph/intrepify.com/public/bower_components/components-font-awesome/css/font-awesome.css[0m
  [90msource:[0m [36m/home/bluedolph/intrepify.com/views/sass/style.scss[0m
  [90mdest:[0m [36m/home/bluedolph/intrepify.com/public/style.css[0m
  [90msource:[0m [36m/home/bluedolph/intrepify.com/views/sass/bower_components/bootstrap/dist/css/bootstrap.scss[0m
  [90mdest:[0m [36m/home/bluedolph/intrepify.com/public/bower_components/bootstrap/dist/css/bootstrap.css[0m
  [90mread:[0m [36m/home/bluedolph/intrepify.com/public/bower_components/bootstrap/dist/css/bootstrap.css[0m
  [90msource:[0m [36m/home/bluedolph/intrepify.com/views/sass/bower_components/components-font-awesome/css/font-awesome.scss[0m
  [90mdest:[0m [36m/home/bluedolph/intrepify.com/public/bower_components/components-font-awesome/css/font-awesome.css[0m
  [90mread:[0m [36m/home/bluedolph/intrepify.com/public/bower_components/components-font-awesome/css/font-awesome.css[0m
  [90msource:[0m [36m/home/bluedolph/intrepify.com/views/sass/style.scss[0m
  [90mdest:[0m [36m/home/bluedolph/intrepify.com/public/style.css[0m
  [90msource:[0m [36m/home/bluedolph/intrepify.com/views/sass/bower_components/components-font-awesome/css/font-awesome.scss[0m
  [90mdest:[0m [36m/home/bluedolph/intrepify.com/public/bower_components/components-font-awesome/css/font-awesome.css[0m
  [90mread:[0m [36m/home/bluedolph/intrepify.com/public/bower_components/components-font-awesome/css/font-awesome.css[0m
  [90msource:[0m [36m/home/bluedolph/intrepify.com/views/sass/bower_components/bootstrap/dist/css/bootstrap.scss[0m
  [90mdest:[0m [36m/home/bluedolph/intrepify.com/public/bower_components/bootstrap/dist/css/bootstrap.css[0m
  [90mread:[0m [36m/home/bluedolph/intrepify.com/public/bower_components/bootstrap/dist/css/bootstrap.css[0m
  [90msource:[0m [36m/home/bluedolph/intrepify.com/views/sass/style.scss[0m
  [90mdest:[0m [36m/home/bluedolph/intrepify.com/public/style.css[0m
  [90msource:[0m [36m/home/bluedolph/intrepify.com/views/sass/bower_components/bootstrap/dist/css/bootstrap.scss[0m
  [90mdest:[0m [36m/home/bluedolph/intrepify.com/public/bower_components/bootstrap/dist/css/bootstrap.css[0m
  [90mread:[0m [36m/home/bluedolph/intrepify.com/public/bower_components/bootstrap/dist/css/bootstrap.css[0m
  [90msource:[0m [36m/home/bluedolph/intrepify.com/views/sass/bower_components/components-font-awesome/css/font-awesome.scss[0m
  [90mdest:[0m [36m/home/bluedolph/intrepify.com/public/bower_components/components-font-awesome/css/font-awesome.css[0m
  [90mread:[0m [36m/home/bluedolph/intrepify.com/public/bower_components/components-font-awesome/css/font-awesome.css[0m
  [90msource:[0m [36m/home/bluedolph/intrepify.com/views/sass/style.scss[0m
  [90mdest:[0m [36m/home/bluedolph/intrepify.com/public/style.css[0m
  [90msource:[0m [36m/home/bluedolph/intrepify.com/views/sass/bower_components/bootstrap/dist/css/bootstrap.scss[0m
  [90mdest:[0m [36m/home/bluedolph/intrepify.com/public/bower_components/bootstrap/dist/css/bootstrap.css[0m
  [90mread:[0m [36m/home/bluedolph/intrepify.com/public/bower_components/bootstrap/dist/css/bootstrap.css[0m
  [90msource:[0m [36m/home/bluedolph/intrepify.com/views/sass/bower_components/components-font-awesome/css/font-awesome.scss[0m
  [90mdest:[0m [36m/home/bluedolph/intrepify.com/public/bower_components/components-font-awesome/css/font-awesome.css[0m
  [90mread:[0m [36m/home/bluedolph/intrepify.com/public/bower_components/components-font-awesome/css/font-awesome.css[0m
  [90msource:[0m [36m/home/bluedolph/intrepify.com/views/sass/style.scss[0m
  [90mdest:[0m [36m/home/bluedolph/intrepify.com/public/style.css[0m
  [90msource:[0m [36m/home/bluedolph/intrepify.com/views/sass/bower_components/bootstrap/dist/css/bootstrap.scss[0m
  [90mdest:[0m [36m/home/bluedolph/intrepify.com/public/bower_components/bootstrap/dist/css/bootstrap.css[0m
  [90mread:[0m [36m/home/bluedolph/intrepify.com/public/bower_components/bootstrap/dist/css/bootstrap.css[0m
  [90msource:[0m [36m/home/bluedolph/intrepify.com/views/sass/bower_components/components-font-awesome/css/font-awesome.scss[0m
  [90mdest:[0m [36m/home/bluedolph/intrepify.com/public/bower_components/components-font-awesome/css/font-awesome.css[0m
  [90mread:[0m [36m/home/bluedolph/intrepify.com/public/bower_components/components-font-awesome/css/font-awesome.css[0m
  [90msource:[0m [36m/home/bluedolph/intrepify.com/views/sass/style.scss[0m
  [90mdest:[0m [36m/home/bluedolph/intrepify.com/public/style.css[0m
  [90msource:[0m [36m/home/bluedolph/intrepify.com/views/sass/style.scss[0m
  [90mdest:[0m [36m/home/bluedolph/intrepify.com/public/style.css[0m
  [90msource:[0m [36m/home/bluedolph/intrepify.com/views/sass/bower_components/components-font-awesome/css/font-awesome.scss[0m
  [90mdest:[0m [36m/home/bluedolph/intrepify.com/public/bower_components/components-font-awesome/css/font-awesome.css[0m
  [90mread:[0m [36m/home/bluedolph/intrepify.com/public/bower_components/components-font-awesome/css/font-awesome.css[0m
  [90msource:[0m [36m/home/bluedolph/intrepify.com/views/sass/bower_components/bootstrap/dist/css/bootstrap.scss[0m
  [90mdest:[0m [36m/home/bluedolph/intrepify.com/public/bower_components/bootstrap/dist/css/bootstrap.css[0m
  [90mread:[0m [36m/home/bluedolph/intrepify.com/public/bower_components/bootstrap/dist/css/bootstrap.css[0m
  [90msource:[0m [36m/home/bluedolph/intrepify.com/views/sass/style.scss[0m
  [90mdest:[0m [36m/home/bluedolph/intrepify.com/public/style.css[0m
  [90msource:[0m [36m/home/bluedolph/intrepify.com/views/sass/bower_components/bootstrap/dist/css/bootstrap.scss[0m
  [90mdest:[0m [36m/home/bluedolph/intrepify.com/public/bower_components/bootstrap/dist/css/bootstrap.css[0m
  [90mread:[0m [36m/home/bluedolph/intrepify.com/public/bower_components/bootstrap/dist/css/bootstrap.css[0m
  [90msource:[0m [36m/home/bluedolph/intrepify.com/views/sass/bower_components/components-font-awesome/css/font-awesome.scss[0m
  [90mdest:[0m [36m/home/bluedolph/intrepify.com/public/bower_components/components-font-awesome/css/font-awesome.css[0m
  [90mread:[0m [36m/home/bluedolph/intrepify.com/public/bower_components/components-font-awesome/css/font-awesome.css[0m
  [90msource:[0m [36m/home/bluedolph/intrepify.com/views/sass/style.scss[0m
  [90mdest:[0m [36m/home/bluedolph/intrepify.com/public/style.css[0m
  [90msource:[0m [36m/home/bluedolph/intrepify.com/views/sass/bower_components/bootstrap/dist/css/bootstrap.scss[0m
  [90mdest:[0m [36m/home/bluedolph/intrepify.com/public/bower_components/bootstrap/dist/css/bootstrap.css[0m
  [90mread:[0m [36m/home/bluedolph/intrepify.com/public/bower_components/bootstrap/dist/css/bootstrap.css[0m
  [90msource:[0m [36m/home/bluedolph/intrepify.com/views/sass/bower_components/components-font-awesome/css/font-awesome.scss[0m
  [90mdest:[0m [36m/home/bluedolph/intrepify.com/public/bower_components/components-font-awesome/css/font-awesome.css[0m
  [90mread:[0m [36m/home/bluedolph/intrepify.com/public/bower_components/components-font-awesome/css/font-awesome.css[0m
  [90msource:[0m [36m/home/bluedolph/intrepify.com/views/sass/style.scss[0m
  [90mdest:[0m [36m/home/bluedolph/intrepify.com/public/style.css[0m
  [90msource:[0m [36m/home/bluedolph/intrepify.com/views/sass/bower_components/bootstrap/dist/css/bootstrap.scss[0m
  [90mdest:[0m [36m/home/bluedolph/intrepify.com/public/bower_components/bootstrap/dist/css/bootstrap.css[0m
  [90mread:[0m [36m/home/bluedolph/intrepify.com/public/bower_components/bootstrap/dist/css/bootstrap.css[0m
  [90msource:[0m [36m/home/bluedolph/intrepify.com/views/sass/bower_components/components-font-awesome/css/font-awesome.scss[0m
  [90mdest:[0m [36m/home/bluedolph/intrepify.com/public/bower_components/components-font-awesome/css/font-awesome.css[0m
  [90mread:[0m [36m/home/bluedolph/intrepify.com/public/bower_components/components-font-awesome/css/font-awesome.css[0m
  [90msource:[0m [36m/home/bluedolph/intrepify.com/views/sass/style.scss[0m
  [90mdest:[0m [36m/home/bluedolph/intrepify.com/public/style.css[0m
  [90msource:[0m [36m/home/bluedolph/intrepify.com/views/sass/bower_components/bootstrap/dist/css/bootstrap.scss[0m
  [90mdest:[0m [36m/home/bluedolph/intrepify.com/public/bower_components/bootstrap/dist/css/bootstrap.css[0m
  [90mread:[0m [36m/home/bluedolph/intrepify.com/public/bower_components/bootstrap/dist/css/bootstrap.css[0m
  [90msource:[0m [36m/home/bluedolph/intrepify.com/views/sass/bower_components/components-font-awesome/css/font-awesome.scss[0m
  [90mdest:[0m [36m/home/bluedolph/intrepify.com/public/bower_components/components-font-awesome/css/font-awesome.css[0m
  [90mread:[0m [36m/home/bluedolph/intrepify.com/public/bower_components/components-font-awesome/css/font-awesome.css[0m
  [90msource:[0m [36m/home/bluedolph/intrepify.com/views/sass/style.scss[0m
  [90mdest:[0m [36m/home/bluedolph/intrepify.com/public/style.css[0m
  [90msource:[0m [36m/home/bluedolph/intrepify.com/views/sass/bower_components/bootstrap/dist/css/bootstrap.scss[0m
  [90mdest:[0m [36m/home/bluedolph/intrepify.com/public/bower_components/bootstrap/dist/css/bootstrap.css[0m
  [90mread:[0m [36m/home/bluedolph/intrepify.com/public/bower_components/bootstrap/dist/css/bootstrap.css[0m
  [90msource:[0m [36m/home/bluedolph/intrepify.com/views/sass/bower_components/components-font-awesome/css/font-awesome.scss[0m
  [90mdest:[0m [36m/home/bluedolph/intrepify.com/public/bower_components/components-font-awesome/css/font-awesome.css[0m
  [90mread:[0m [36m/home/bluedolph/intrepify.com/public/bower_components/components-font-awesome/css/font-awesome.css[0m
  [90msource:[0m [36m/home/bluedolph/intrepify.com/views/sass/style.scss[0m
  [90mdest:[0m [36m/home/bluedolph/intrepify.com/public/style.css[0m
  [90msource:[0m [36m/home/bluedolph/intrepify.com/views/sass/bower_components/components-font-awesome/css/font-awesome.scss[0m
  [90mdest:[0m [36m/home/bluedolph/intrepify.com/public/bower_components/components-font-awesome/css/font-awesome.css[0m
  [90mread:[0m [36m/home/bluedolph/intrepify.com/public/bower_components/components-font-awesome/css/font-awesome.css[0m
  [90msource:[0m [36m/home/bluedolph/intrepify.com/views/sass/bower_components/bootstrap/dist/css/bootstrap.scss[0m
  [90mdest:[0m [36m/home/bluedolph/intrepify.com/public/bower_components/bootstrap/dist/css/bootstrap.css[0m
  [90mread:[0m [36m/home/bluedolph/intrepify.com/public/bower_components/bootstrap/dist/css/bootstrap.css[0m
  [90msource:[0m [36m/home/bluedolph/intrepify.com/views/sass/style.scss[0m
  [90mdest:[0m [36m/home/bluedolph/intrepify.com/public/style.css[0m
  [90msource:[0m [36m/home/bluedolph/intrepify.com/views/sass/style.scss[0m
  [90mdest:[0m [36m/home/bluedolph/intrepify.com/public/style.css[0m
  [90msource:[0m [36m/home/bluedolph/intrepify.com/views/sass/bower_components/components-font-awesome/css/font-awesome.scss[0m
  [90mdest:[0m [36m/home/bluedolph/intrepify.com/public/bower_components/components-font-awesome/css/font-awesome.css[0m
  [90mread:[0m [36m/home/bluedolph/intrepify.com/public/bower_components/components-font-awesome/css/font-awesome.css[0m
  [90msource:[0m [36m/home/bluedolph/intrepify.com/views/sass/bower_components/bootstrap/dist/css/bootstrap.scss[0m
  [90mdest:[0m [36m/home/bluedolph/intrepify.com/public/bower_components/bootstrap/dist/css/bootstrap.css[0m
  [90mread:[0m [36m/home/bluedolph/intrepify.com/public/bower_components/bootstrap/dist/css/bootstrap.css[0m
  [90msource:[0m [36m/home/bluedolph/intrepify.com/views/sass/style.scss[0m
  [90mdest:[0m [36m/home/bluedolph/intrepify.com/public/style.css[0m
  [90msource:[0m [36m/home/bluedolph/intrepify.com/views/sass/bower_components/components-font-awesome/css/font-awesome.scss[0m
  [90mdest:[0m [36m/home/bluedolph/intrepify.com/public/bower_components/components-font-awesome/css/font-awesome.css[0m
  [90mread:[0m [36m/home/bluedolph/intrepify.com/public/bower_components/components-font-awesome/css/font-awesome.css[0m
  [90msource:[0m [36m/home/bluedolph/intrepify.com/views/sass/bower_components/bootstrap/dist/css/bootstrap.scss[0m
  [90mdest:[0m [36m/home/bluedolph/intrepify.com/public/bower_components/bootstrap/dist/css/bootstrap.css[0m
  [90mread:[0m [36m/home/bluedolph/intrepify.com/public/bower_components/bootstrap/dist/css/bootstrap.css[0m
  [90msource:[0m [36m/home/bluedolph/intrepify.com/views/sass/bower_components/bootstrap/dist/css/bootstrap.scss[0m
  [90mdest:[0m [36m/home/bluedolph/intrepify.com/public/bower_components/bootstrap/dist/css/bootstrap.css[0m
  [90mread:[0m [36m/home/bluedolph/intrepify.com/public/bower_components/bootstrap/dist/css/bootstrap.css[0m
  [90msource:[0m [36m/home/bluedolph/intrepify.com/views/sass/bower_components/components-font-awesome/css/font-awesome.scss[0m
  [90mdest:[0m [36m/home/bluedolph/intrepify.com/public/bower_components/components-font-awesome/css/font-awesome.css[0m
  [90mread:[0m [36m/home/bluedolph/intrepify.com/public/bower_components/components-font-awesome/css/font-awesome.css[0m
  [90msource:[0m [36m/home/bluedolph/intrepify.com/views/sass/style.scss[0m
  [90mdest:[0m [36m/home/bluedolph/intrepify.com/public/style.css[0m
  [90msource:[0m [36m/home/bluedolph/intrepify.com/views/sass/FloweySays/style.scss[0m
  [90mdest:[0m [36m/home/bluedolph/intrepify.com/public/FloweySays/style.css[0m
  [90mread:[0m [36m/home/bluedolph/intrepify.com/public/FloweySays/style.css[0m
  [90msource:[0m [36m/home/bluedolph/intrepify.com/views/sass/bower_components/bootstrap/dist/css/bootstrap.scss[0m
  [90mdest:[0m [36m/home/bluedolph/intrepify.com/public/bower_components/bootstrap/dist/css/bootstrap.css[0m
  [90mread:[0m [36m/home/bluedolph/intrepify.com/public/bower_components/bootstrap/dist/css/bootstrap.css[0m
  [90msource:[0m [36m/home/bluedolph/intrepify.com/views/sass/bower_components/animate.css/animate.scss[0m
  [90mdest:[0m [36m/home/bluedolph/intrepify.com/public/bower_components/animate.css/animate.css[0m
  [90mread:[0m [36m/home/bluedolph/intrepify.com/public/bower_components/animate.css/animate.css[0m
  [90msource:[0m [36m/home/bluedolph/intrepify.com/views/sass/QuoteSpit/style.scss[0m
  [90mdest:[0m [36m/home/bluedolph/intrepify.com/public/QuoteSpit/style.css[0m
  [90mread:[0m [36m/home/bluedolph/intrepify.com/public/QuoteSpit/style.css[0m
  [90msource:[0m [36m/home/bluedolph/intrepify.com/views/sass/bower_components/bootstrap/dist/css/bootstrap.scss[0m
  [90mdest:[0m [36m/home/bluedolph/intrepify.com/public/bower_components/bootstrap/dist/css/bootstrap.css[0m
  [90mread:[0m [36m/home/bluedolph/intrepify.com/public/bower_components/bootstrap/dist/css/bootstrap.css[0m
  [90msource:[0m [36m/home/bluedolph/intrepify.com/views/sass/bower_components/bootstrap/dist/css/bootstrap.scss[0m
  [90mdest:[0m [36m/home/bluedolph/intrepify.com/public/bower_components/bootstrap/dist/css/bootstrap.css[0m
  [90mread:[0m [36m/home/bluedolph/intrepify.com/public/bower_components/bootstrap/dist/css/bootstrap.css[0m
  [90msource:[0m [36m/home/bluedolph/intrepify.com/views/sass/bower_components/components-font-awesome/css/font-awesome.scss[0m
  [90mdest:[0m [36m/home/bluedolph/intrepify.com/public/bower_components/components-font-awesome/css/font-awesome.css[0m
  [90mread:[0m [36m/home/bluedolph/intrepify.com/public/bower_components/components-font-awesome/css/font-awesome.css[0m
  [90msource:[0m [36m/home/bluedolph/intrepify.com/views/sass/style.scss[0m
  [90mdest:[0m [36m/home/bluedolph/intrepify.com/public/style.css[0m
  [90msource:[0m [36m/home/bluedolph/intrepify.com/views/sass/bower_components/bootstrap/dist/css/bootstrap.scss[0m
  [90mdest:[0m [36m/home/bluedolph/intrepify.com/public/bower_components/bootstrap/dist/css/bootstrap.css[0m
  [90mread:[0m [36m/home/bluedolph/intrepify.com/public/bower_components/bootstrap/dist/css/bootstrap.css[0m
  [90msource:[0m [36m/home/bluedolph/intrepify.com/views/sass/bower_components/components-font-awesome/css/font-awesome.scss[0m
  [90mdest:[0m [36m/home/bluedolph/intrepify.com/public/bower_components/components-font-awesome/css/font-awesome.css[0m
  [90mread:[0m [36m/home/bluedolph/intrepify.com/public/bower_components/components-font-awesome/css/font-awesome.css[0m
  [90msource:[0m [36m/home/bluedolph/intrepify.com/views/sass/style.scss[0m
  [90mdest:[0m [36m/home/bluedolph/intrepify.com/public/style.css[0m
  [90msource:[0m [36m/home/bluedolph/intrepify.com/views/sass/projects/quoteSpit/style.scss[0m
  [90mdest:[0m [36m/home/bluedolph/intrepify.com/public/projects/quoteSpit/style.css[0m
  [90mread:[0m [36m/home/bluedolph/intrepify.com/public/projects/quoteSpit/style.css[0m
  [90msource:[0m [36m/home/bluedolph/intrepify.com/views/sass/bower_components/bootstrap/dist/css/bootstrap.scss[0m
  [90mdest:[0m [36m/home/bluedolph/intrepify.com/public/bower_components/bootstrap/dist/css/bootstrap.css[0m
  [90mread:[0m [36m/home/bluedolph/intrepify.com/public/bower_components/bootstrap/dist/css/bootstrap.css[0m
  [90msource:[0m [36m/home/bluedolph/intrepify.com/views/sass/bower_components/components-font-awesome/css/font-awesome.scss[0m
  [90mdest:[0m [36m/home/bluedolph/intrepify.com/public/bower_components/components-font-awesome/css/font-awesome.css[0m
  [90mread:[0m [36m/home/bluedolph/intrepify.com/public/bower_components/components-font-awesome/css/font-awesome.css[0m
  [90msource:[0m [36m/home/bluedolph/intrepify.com/views/sass/style.scss[0m
  [90mdest:[0m [36m/home/bluedolph/intrepify.com/public/style.css[0m
  [90msource:[0m [36m/home/bluedolph/intrepify.com/views/sass/bower_components/animate.css/animate.scss[0m
  [90mdest:[0m [36m/home/bluedolph/intrepify.com/public/bower_components/animate.css/animate.css[0m
  [90mread:[0m [36m/home/bluedolph/intrepify.com/public/bower_components/animate.css/animate.css[0m
  [90msource:[0m [36m/home/bluedolph/intrepify.com/views/sass/QuoteSpit/style.scss[0m
  [90mdest:[0m [36m/home/bluedolph/intrepify.com/public/QuoteSpit/style.css[0m
  [90mread:[0m [36m/home/bluedolph/intrepify.com/public/QuoteSpit/style.css[0m
  [90msource:[0m [36m/home/bluedolph/intrepify.com/views/sass/bower_components/components-font-awesome/css/font-awesome.scss[0m
  [90mdest:[0m [36m/home/bluedolph/intrepify.com/public/bower_components/components-font-awesome/css/font-awesome.css[0m
  [90mread:[0m [36m/home/bluedolph/intrepify.com/public/bower_components/components-font-awesome/css/font-awesome.css[0m
  [90msource:[0m [36m/home/bluedolph/intrepify.com/views/sass/bower_components/bootstrap/dist/css/bootstrap.scss[0m
  [90mdest:[0m [36m/home/bluedolph/intrepify.com/public/bower_components/bootstrap/dist/css/bootstrap.css[0m
  [90mread:[0m [36m/home/bluedolph/intrepify.com/public/bower_components/bootstrap/dist/css/bootstrap.css[0m
  [90msource:[0m [36m/home/bluedolph/intrepify.com/views/sass/style.scss[0m
  [90mdest:[0m [36m/home/bluedolph/intrepify.com/public/style.css[0m
  [90msource:[0m [36m/home/bluedolph/intrepify.com/views/sass/bower_components/bootstrap/dist/css/bootstrap.scss[0m
  [90mdest:[0m [36m/home/bluedolph/intrepify.com/public/bower_components/bootstrap/dist/css/bootstrap.css[0m
  [90mread:[0m [36m/home/bluedolph/intrepify.com/public/bower_components/bootstrap/dist/css/bootstrap.css[0m
  [90msource:[0m [36m/home/bluedolph/intrepify.com/views/sass/bower_components/components-font-awesome/css/font-awesome.scss[0m
  [90mdest:[0m [36m/home/bluedolph/intrepify.com/public/bower_components/components-font-awesome/css/font-awesome.css[0m
  [90mread:[0m [36m/home/bluedolph/intrepify.com/public/bower_components/components-font-awesome/css/font-awesome.css[0m
  [90msource:[0m [36m/home/bluedolph/intrepify.com/views/sass/style.scss[0m
  [90mdest:[0m [36m/home/bluedolph/intrepify.com/public/style.css[0m
  [90msource:[0m [36m/home/bluedolph/intrepify.com/views/sass/bower_components/bootstrap/dist/css/bootstrap.scss[0m
  [90mdest:[0m [36m/home/bluedolph/intrepify.com/public/bower_components/bootstrap/dist/css/bootstrap.css[0m
  [90mread:[0m [36m/home/bluedolph/intrepify.com/public/bower_components/bootstrap/dist/css/bootstrap.css[0m
  [90msource:[0m [36m/home/bluedolph/intrepify.com/views/sass/bower_components/components-font-awesome/css/font-awesome.scss[0m
  [90mdest:[0m [36m/home/bluedolph/intrepify.com/public/bower_components/components-font-awesome/css/font-awesome.css[0m
  [90mread:[0m [36m/home/bluedolph/intrepify.com/public/bower_components/components-font-awesome/css/font-awesome.css[0m
  [90msource:[0m [36m/home/bluedolph/intrepify.com/views/sass/style.scss[0m
  [90mdest:[0m [36m/home/bluedolph/intrepify.com/public/style.css[0m
  [90msource:[0m [36m/home/bluedolph/intrepify.com/views/sass/bower_components/bootstrap/dist/css/bootstrap.scss[0m
  [90mdest:[0m [36m/home/bluedolph/intrepify.com/public/bower_components/bootstrap/dist/css/bootstrap.css[0m
  [90mread:[0m [36m/home/bluedolph/intrepify.com/public/bower_components/bootstrap/dist/css/bootstrap.css[0m
  [90msource:[0m [36m/home/bluedolph/intrepify.com/views/sass/bower_components/bootstrap/dist/css/bootstrap.scss[0m
  [90mdest:[0m [36m/home/bluedolph/intrepify.com/public/bower_components/bootstrap/dist/css/bootstrap.css[0m
  [90mread:[0m [36m/home/bluedolph/intrepify.com/public/bower_components/bootstrap/dist/css/bootstrap.css[0m
  [90msource:[0m [36m/home/bluedolph/intrepify.com/views/sass/bower_components/components-font-awesome/css/font-awesome.scss[0m
  [90mdest:[0m [36m/home/bluedolph/intrepify.com/public/bower_components/components-font-awesome/css/font-awesome.css[0m
  [90mread:[0m [36m/home/bluedolph/intrepify.com/public/bower_components/components-font-awesome/css/font-awesome.css[0m
  [90msource:[0m [36m/home/bluedolph/intrepify.com/views/sass/style.scss[0m
  [90mdest:[0m [36m/home/bluedolph/intrepify.com/public/style.css[0m
  [90msource:[0m [36m/home/bluedolph/intrepify.com/views/sass/FloweySays/style.scss[0m
  [90mdest:[0m [36m/home/bluedolph/intrepify.com/public/FloweySays/style.css[0m
  [90mread:[0m [36m/home/bluedolph/intrepify.com/public/FloweySays/style.css[0m
  [90msource:[0m [36m/home/bluedolph/intrepify.com/views/sass/FloweySays/style.scss[0m
  [90mdest:[0m [36m/home/bluedolph/intrepify.com/public/FloweySays/style.css[0m
  [90mread:[0m [36m/home/bluedolph/intrepify.com/public/FloweySays/style.css[0m
